{"level":"info","time":"2025-08-19T00:26:09.559+0800","msg":"Web模块初始化完成"}
{"level":"info","time":"2025-08-19T00:26:09.579+0800","msg":"Handling test.html request","path":"/api/test.html"}
{"level":"info","time":"2025-08-19T00:26:48.577+0800","msg":"处理获取日志请求","path":"/api/logs","method":"POST"}
{"level":"error","time":"2025-08-19T00:26:48.577+0800","msg":"logType parameter missing or invalid","path":"/api/logs"}
{"level":"info","time":"2025-08-19T11:16:49.140+0800","msg":"Handling test.html request","path":"/api/test.html"}
{"level":"info","time":"2025-08-19T22:19:38.183+0800","msg":"Web模块初始化完成"}
{"level":"info","time":"2025-08-19T22:19:42.648+0800","msg":"Handling test.html request","path":"/api/test.html"}
{"level":"info","time":"2025-08-19T22:21:04.500+0800","msg":"处理获取执行器状态请求","method":"POST","path":"/api/executor/status"}
{"level":"info","time":"2025-08-19T22:21:04.501+0800","msg":"获取执行器状态请求参数","params":{}}
{"level":"info","time":"2025-08-19T22:21:04.501+0800","msg":"获取执行器状态成功","method":"POST","path":"/api/executor/status","data":"OK"}
{"level":"info","time":"2025-08-19T22:21:44.740+0800","msg":"Web模块初始化完成"}
{"level":"info","time":"2025-08-19T22:22:31.947+0800","msg":"处理登录请求","method":"POST","path":"/api/login"}
{"level":"info","time":"2025-08-19T22:22:31.948+0800","msg":"登录请求参数","username":"admin"}
{"level":"info","time":"2025-08-19T22:22:31.948+0800","msg":"登录成功","method":"POST","path":"/api/login","username":"admin"}
{"level":"info","time":"2025-08-20T10:08:10.374+0800","msg":"处理登录请求","method":"POST","path":"/api/login"}
{"level":"info","time":"2025-08-20T10:08:10.375+0800","msg":"登录请求参数","username":"admin"}
{"level":"info","time":"2025-08-20T10:08:10.375+0800","msg":"登录成功","method":"POST","path":"/api/login","username":"admin"}
{"level":"info","time":"2025-08-20T10:08:17.705+0800","msg":"处理登录请求","method":"POST","path":"/api/login"}
{"level":"info","time":"2025-08-20T10:08:17.706+0800","msg":"登录请求参数","username":"admin"}
{"level":"info","time":"2025-08-20T10:08:17.706+0800","msg":"登录成功","method":"POST","path":"/api/login","username":"admin"}
{"level":"info","time":"2025-08-20T10:09:18.891+0800","msg":"处理登录请求","method":"POST","path":"/api/login"}
{"level":"info","time":"2025-08-20T10:09:18.891+0800","msg":"登录请求参数","username":"admin"}
{"level":"info","time":"2025-08-20T10:09:18.891+0800","msg":"登录成功","method":"POST","path":"/api/login","username":"admin"}
{"level":"info","time":"2025-08-20T10:32:53.742+0800","msg":"处理登录请求","method":"OPTIONS","path":"/api/login"}
{"level":"info","time":"2025-08-20T10:32:53.742+0800","msg":"登录请求参数","username":""}
{"level":"warn","time":"2025-08-20T10:32:53.742+0800","msg":"登录失败","method":"OPTIONS","path":"/api/login","username":""}
{"level":"info","time":"2025-08-20T10:42:27.713+0800","msg":"处理登录请求","method":"OPTIONS","path":"/api/login"}
{"level":"info","time":"2025-08-20T10:42:27.713+0800","msg":"登录请求参数","username":""}
{"level":"warn","time":"2025-08-20T10:42:27.713+0800","msg":"登录失败","method":"OPTIONS","path":"/api/login","username":""}
{"level":"info","time":"2025-08-20T10:42:37.641+0800","msg":"处理登录请求","method":"OPTIONS","path":"/api/login"}
{"level":"info","time":"2025-08-20T10:42:37.641+0800","msg":"登录请求参数","username":""}
{"level":"warn","time":"2025-08-20T10:42:37.641+0800","msg":"登录失败","method":"OPTIONS","path":"/api/login","username":""}
{"level":"info","time":"2025-08-20T10:43:18.304+0800","msg":"处理登录请求","method":"OPTIONS","path":"/api/login"}
{"level":"info","time":"2025-08-20T10:43:18.304+0800","msg":"登录请求参数","username":""}
{"level":"warn","time":"2025-08-20T10:43:18.305+0800","msg":"登录失败","method":"OPTIONS","path":"/api/login","username":""}
{"level":"info","time":"2025-08-20T16:56:07.539+0800","msg":"Web模块初始化完成"}
{"level":"info","time":"2025-08-20T16:56:13.114+0800","msg":"Handling test.html request","path":"/api/test.html"}
{"level":"info","time":"2025-08-20T16:56:24.292+0800","msg":"处理登录请求","method":"POST","path":"/api/login"}
{"level":"info","time":"2025-08-20T16:56:24.293+0800","msg":"登录请求参数","username":"admin"}
{"level":"info","time":"2025-08-20T16:56:24.293+0800","msg":"登录成功","method":"POST","path":"/api/login","username":"admin"}
{"level":"info","time":"2025-08-20T17:00:41.716+0800","msg":"Web模块初始化完成"}
{"level":"info","time":"2025-08-20T17:00:45.279+0800","msg":"处理登录请求","method":"POST","path":"/api/login"}
{"level":"info","time":"2025-08-20T17:00:45.280+0800","msg":"登录请求参数","username":"admin"}
{"level":"info","time":"2025-08-20T17:00:45.280+0800","msg":"登录成功","method":"POST","path":"/api/login","username":"admin"}
{"level":"info","time":"2025-08-20T17:01:08.289+0800","msg":"处理登录请求","method":"POST","path":"/api/login"}
{"level":"info","time":"2025-08-20T17:01:08.289+0800","msg":"登录请求参数","username":"admin"}
{"level":"info","time":"2025-08-20T17:01:08.289+0800","msg":"登录成功","method":"POST","path":"/api/login","username":"admin"}
{"level":"info","time":"2025-08-20T17:01:21.637+0800","msg":"处理登录请求","method":"POST","path":"/api/login"}
{"level":"info","time":"2025-08-20T17:01:21.637+0800","msg":"登录请求参数","username":"admin"}
{"level":"info","time":"2025-08-20T17:01:21.638+0800","msg":"登录成功","method":"POST","path":"/api/login","username":"admin"}
{"level":"info","time":"2025-08-20T17:01:38.519+0800","msg":"处理登录请求","method":"POST","path":"/api/login"}
{"level":"info","time":"2025-08-20T17:01:38.519+0800","msg":"登录请求参数","username":"admin"}
{"level":"info","time":"2025-08-20T17:01:38.519+0800","msg":"登录成功","method":"POST","path":"/api/login","username":"admin"}
{"level":"info","time":"2025-08-20T17:08:24.550+0800","msg":"处理登录请求","method":"POST","path":"/api/login"}
{"level":"info","time":"2025-08-20T17:08:24.550+0800","msg":"登录请求参数","username":"admin"}
{"level":"info","time":"2025-08-20T17:08:24.551+0800","msg":"登录成功","method":"POST","path":"/api/login","username":"admin"}
{"level":"info","time":"2025-08-20T17:17:47.900+0800","msg":"处理登录请求","method":"POST","path":"/api/login"}
{"level":"info","time":"2025-08-20T17:17:47.900+0800","msg":"登录请求参数","username":"admin"}
{"level":"warn","time":"2025-08-20T17:17:47.900+0800","msg":"登录失败","method":"POST","path":"/api/login","username":"admin"}
{"level":"info","time":"2025-08-20T17:18:40.240+0800","msg":"处理登录请求","method":"POST","path":"/api/login"}
{"level":"info","time":"2025-08-20T17:18:40.240+0800","msg":"登录请求参数","username":"admin"}
{"level":"info","time":"2025-08-20T17:18:40.241+0800","msg":"登录成功","method":"POST","path":"/api/login","username":"admin"}
{"level":"info","time":"2025-08-20T17:26:01.840+0800","msg":"处理登录请求","method":"POST","path":"/api/login"}
{"level":"info","time":"2025-08-20T17:26:01.840+0800","msg":"登录请求参数","username":"admin"}
{"level":"info","time":"2025-08-20T17:26:01.840+0800","msg":"登录成功","method":"POST","path":"/api/login","username":"admin"}
{"level":"info","time":"2025-08-20T17:26:11.635+0800","msg":"处理登录请求","method":"POST","path":"/api/login"}
{"level":"info","time":"2025-08-20T17:26:11.635+0800","msg":"登录请求参数","username":"admin"}
{"level":"info","time":"2025-08-20T17:26:11.635+0800","msg":"登录成功","method":"POST","path":"/api/login","username":"admin"}
{"level":"info","time":"2025-08-20T21:59:27.726+0800","msg":"处理登录请求","method":"POST","path":"/api/login"}
{"level":"info","time":"2025-08-20T21:59:27.726+0800","msg":"登录请求参数","username":"admin"}
{"level":"info","time":"2025-08-20T21:59:27.726+0800","msg":"登录成功","method":"POST","path":"/api/login","username":"admin"}
{"level":"info","time":"2025-08-20T21:59:37.101+0800","msg":"Handling test.html request","path":"/api/test.html"}
{"level":"info","time":"2025-08-21T00:07:31.360+0800","msg":"处理登录请求","method":"POST","path":"/api/login"}
{"level":"info","time":"2025-08-21T00:07:31.360+0800","msg":"登录请求参数","username":"admin"}
{"level":"info","time":"2025-08-21T00:07:31.360+0800","msg":"登录成功","method":"POST","path":"/api/login","username":"admin"}
{"level":"info","time":"2025-08-21T00:27:48.596+0800","msg":"Web模块初始化完成"}
{"level":"info","time":"2025-08-21T00:28:02.632+0800","msg":"处理登录请求","method":"POST","path":"/api/login"}
{"level":"info","time":"2025-08-21T00:28:02.634+0800","msg":"登录请求参数","username":"admin"}
{"level":"info","time":"2025-08-21T00:28:02.634+0800","msg":"登录成功","method":"POST","path":"/api/login","username":"admin"}
{"level":"info","time":"2025-08-21T10:25:59.932+0800","msg":"Web模块初始化完成"}
{"level":"info","time":"2025-08-21T10:26:13.004+0800","msg":"处理登录请求","method":"POST","path":"/api/login"}
{"level":"info","time":"2025-08-21T10:26:13.004+0800","msg":"登录请求参数","username":"admin"}
{"level":"info","time":"2025-08-21T10:26:13.004+0800","msg":"登录成功","method":"POST","path":"/api/login","username":"admin"}
{"level":"info","time":"2025-08-21T10:26:56.292+0800","msg":"处理登录请求","method":"POST","path":"/api/login"}
{"level":"info","time":"2025-08-21T10:26:56.293+0800","msg":"登录请求参数","username":"admin"}
{"level":"info","time":"2025-08-21T10:26:56.293+0800","msg":"登录成功","method":"POST","path":"/api/login","username":"admin"}
{"level":"info","time":"2025-08-21T10:27:12.963+0800","msg":"处理登录请求","method":"POST","path":"/api/login"}
{"level":"info","time":"2025-08-21T10:27:12.963+0800","msg":"登录请求参数","username":"admin"}
{"level":"info","time":"2025-08-21T10:27:12.963+0800","msg":"登录成功","method":"POST","path":"/api/login","username":"admin"}
{"level":"info","time":"2025-08-21T10:27:17.320+0800","msg":"处理登录请求","method":"POST","path":"/api/login"}
{"level":"info","time":"2025-08-21T10:27:17.320+0800","msg":"登录请求参数","username":"admin"}
{"level":"info","time":"2025-08-21T10:27:17.320+0800","msg":"登录成功","method":"POST","path":"/api/login","username":"admin"}
{"level":"info","time":"2025-08-21T10:27:31.593+0800","msg":"处理登录请求","method":"POST","path":"/api/login"}
{"level":"info","time":"2025-08-21T10:27:31.594+0800","msg":"登录请求参数","username":"admin"}
{"level":"info","time":"2025-08-21T10:27:31.594+0800","msg":"登录成功","method":"POST","path":"/api/login","username":"admin"}
{"level":"info","time":"2025-08-21T10:28:09.062+0800","msg":"处理登录请求","method":"POST","path":"/api/login"}
{"level":"info","time":"2025-08-21T10:28:09.063+0800","msg":"登录请求参数","username":"admin"}
{"level":"info","time":"2025-08-21T10:28:09.063+0800","msg":"登录成功","method":"POST","path":"/api/login","username":"admin"}
{"level":"info","time":"2025-08-22T11:01:25.901+0800","msg":"Web模块初始化完成"}
{"level":"error","time":"2025-08-22T11:05:20.547+0800","msg":"解析JSON失败","error":"invalid character '\\\\' looking for beginning of object key string"}
{"level":"error","time":"2025-08-22T11:05:25.431+0800","msg":"解析JSON失败","error":"invalid character '\\\\' looking for beginning of object key string"}
{"level":"error","time":"2025-08-22T11:05:44.592+0800","msg":"解析JSON失败","error":"invalid character '\\\\' looking for beginning of object key string"}
{"level":"info","time":"2025-08-22T11:06:07.954+0800","msg":"Web模块初始化完成"}
{"level":"info","time":"2025-08-22T16:15:18.187+0800","msg":"Web模块初始化完成"}
{"level":"info","time":"2025-08-22T16:15:49.702+0800","msg":"处理登录请求","method":"POST","path":"/api/login"}
{"level":"info","time":"2025-08-22T16:15:49.702+0800","msg":"登录请求参数","username":"admin"}
{"level":"info","time":"2025-08-22T16:15:49.702+0800","msg":"登录成功","method":"POST","path":"/api/login","username":"admin"}
{"level":"info","time":"2025-08-22T16:58:18.405+0800","msg":"Web模块初始化完成"}
{"level":"info","time":"2025-08-22T16:58:36.129+0800","msg":"处理登录请求","method":"POST","path":"/api/login"}
{"level":"info","time":"2025-08-22T16:58:36.130+0800","msg":"登录请求参数","username":"admin"}
{"level":"info","time":"2025-08-22T16:58:36.130+0800","msg":"登录成功","method":"POST","path":"/api/login","username":"admin"}
{"level":"info","time":"2025-08-23T01:02:53.077+0800","msg":"Web模块初始化完成"}
{"level":"info","time":"2025-08-23T01:03:09.976+0800","msg":"处理登录请求","method":"POST","path":"/api/login"}
{"level":"info","time":"2025-08-23T01:03:09.976+0800","msg":"登录请求参数","username":"admin"}
{"level":"info","time":"2025-08-23T01:03:09.976+0800","msg":"登录成功","method":"POST","path":"/api/login","username":"admin"}
{"level":"info","time":"2025-08-23T09:31:50.417+0800","msg":"Web模块初始化完成"}
