{"level":"info","time":"2025-08-18T22:24:00.461+0800","msg":"服务模块日志目录创建成功","path":"C:\\goproject\\file-flow-service\\log\\service"}
{"level":"info","time":"2025-08-18T22:24:00.477+0800","msg":"流程模块日志目录创建成功","path":"C:\\goproject\\file-flow-service\\log\\flow"}
{"level":"info","time":"2025-08-18T22:24:00.477+0800","msg":"执行器模块日志目录创建成功","path":"C:\\goproject\\file-flow-service\\log\\executor"}
{"level":"info","time":"2025-08-18T22:24:00.478+0800","msg":"文件模块日志目录创建成功","path":"C:\\goproject\\file-flow-service\\log\\file"}
{"level":"info","time":"2025-08-18T22:24:00.479+0800","msg":"环境管理模块日志目录创建成功","path":"C:\\goproject\\file-flow-service\\log\\environment"}
{"level":"info","time":"2025-08-18T22:24:00.609+0800","msg":"执行模块日志目录创建成功","path":"C:\\goproject\\file-flow-service\\log\\execution"}
{"level":"info","time":"2025-08-18T22:24:00.610+0800","msg":"权限模块日志目录创建成功","path":"C:\\goproject\\file-flow-service\\log\\permission"}
{"level":"info","time":"2025-08-18T22:24:00.611+0800","msg":"Web模块日志目录创建成功","path":"C:\\goproject\\file-flow-service\\log\\web"}
{"level":"info","time":"2025-08-18T22:24:00.612+0800","msg":"热重启管理器启动"}
{"level":"info","time":"2025-08-19T00:26:09.539+0800","msg":"服务模块日志目录创建成功","path":"C:\\goproject\\file-flow-service\\log\\service"}
{"level":"info","time":"2025-08-19T00:26:09.555+0800","msg":"流程模块日志目录创建成功","path":"C:\\goproject\\file-flow-service\\log\\flow"}
{"level":"info","time":"2025-08-19T00:26:09.555+0800","msg":"执行器模块日志目录创建成功","path":"C:\\goproject\\file-flow-service\\log\\executor"}
{"level":"info","time":"2025-08-19T00:26:09.556+0800","msg":"文件模块日志目录创建成功","path":"C:\\goproject\\file-flow-service\\log\\file"}
{"level":"info","time":"2025-08-19T00:26:09.557+0800","msg":"环境管理模块日志目录创建成功","path":"C:\\goproject\\file-flow-service\\log\\environment"}
{"level":"info","time":"2025-08-19T00:26:09.557+0800","msg":"执行模块日志目录创建成功","path":"C:\\goproject\\file-flow-service\\log\\execution"}
{"level":"info","time":"2025-08-19T00:26:09.558+0800","msg":"权限模块日志目录创建成功","path":"C:\\goproject\\file-flow-service\\log\\permission"}
{"level":"info","time":"2025-08-19T00:26:09.559+0800","msg":"Web模块日志目录创建成功","path":"C:\\goproject\\file-flow-service\\log\\web"}
{"level":"info","time":"2025-08-19T00:26:09.560+0800","msg":"热重启管理器启动"}
{"level":"info","time":"2025-08-20T16:56:07.520+0800","msg":"服务模块日志目录创建成功","path":"C:\\goproject\\file-flow-service\\log\\service"}
{"level":"info","time":"2025-08-20T16:56:07.535+0800","msg":"流程模块日志目录创建成功","path":"C:\\goproject\\file-flow-service\\log\\flow"}
{"level":"info","time":"2025-08-20T16:56:07.536+0800","msg":"执行器模块日志目录创建成功","path":"C:\\goproject\\file-flow-service\\log\\executor"}
{"level":"info","time":"2025-08-20T16:56:07.536+0800","msg":"文件模块日志目录创建成功","path":"C:\\goproject\\file-flow-service\\log\\file"}
{"level":"info","time":"2025-08-20T16:56:07.537+0800","msg":"环境管理模块日志目录创建成功","path":"C:\\goproject\\file-flow-service\\log\\environment"}
{"level":"info","time":"2025-08-20T16:56:07.537+0800","msg":"执行模块日志目录创建成功","path":"C:\\goproject\\file-flow-service\\log\\execution"}
{"level":"info","time":"2025-08-20T16:56:07.538+0800","msg":"权限模块日志目录创建成功","path":"C:\\goproject\\file-flow-service\\log\\permission"}
{"level":"info","time":"2025-08-20T16:56:07.538+0800","msg":"Web模块日志目录创建成功","path":"C:\\goproject\\file-flow-service\\log\\web"}
{"level":"info","time":"2025-08-20T16:56:07.540+0800","msg":"热重启管理器启动"}
{"level":"info","time":"2025-08-20T17:00:41.696+0800","msg":"服务模块日志目录创建成功","path":"C:\\goproject\\file-flow-service\\log\\service"}
{"level":"info","time":"2025-08-20T17:00:41.712+0800","msg":"流程模块日志目录创建成功","path":"C:\\goproject\\file-flow-service\\log\\flow"}
{"level":"info","time":"2025-08-20T17:00:41.712+0800","msg":"执行器模块日志目录创建成功","path":"C:\\goproject\\file-flow-service\\log\\executor"}
{"level":"info","time":"2025-08-20T17:00:41.713+0800","msg":"文件模块日志目录创建成功","path":"C:\\goproject\\file-flow-service\\log\\file"}
{"level":"info","time":"2025-08-20T17:00:41.714+0800","msg":"环境管理模块日志目录创建成功","path":"C:\\goproject\\file-flow-service\\log\\environment"}
{"level":"info","time":"2025-08-20T17:00:41.715+0800","msg":"执行模块日志目录创建成功","path":"C:\\goproject\\file-flow-service\\log\\execution"}
{"level":"info","time":"2025-08-20T17:00:41.715+0800","msg":"权限模块日志目录创建成功","path":"C:\\goproject\\file-flow-service\\log\\permission"}
{"level":"info","time":"2025-08-20T17:00:41.716+0800","msg":"Web模块日志目录创建成功","path":"C:\\goproject\\file-flow-service\\log\\web"}
{"level":"info","time":"2025-08-20T17:00:41.717+0800","msg":"热重启管理器启动"}
{"level":"info","time":"2025-08-21T00:27:48.577+0800","msg":"服务模块日志目录创建成功","path":"C:\\goproject\\file-flow-service\\log\\service"}
{"level":"info","time":"2025-08-21T00:27:48.592+0800","msg":"流程模块日志目录创建成功","path":"C:\\goproject\\file-flow-service\\log\\flow"}
{"level":"info","time":"2025-08-21T00:27:48.593+0800","msg":"执行器模块日志目录创建成功","path":"C:\\goproject\\file-flow-service\\log\\executor"}
{"level":"info","time":"2025-08-21T00:27:48.594+0800","msg":"文件模块日志目录创建成功","path":"C:\\goproject\\file-flow-service\\log\\file"}
{"level":"info","time":"2025-08-21T00:27:48.594+0800","msg":"环境管理模块日志目录创建成功","path":"C:\\goproject\\file-flow-service\\log\\environment"}
{"level":"info","time":"2025-08-21T00:27:48.595+0800","msg":"执行模块日志目录创建成功","path":"C:\\goproject\\file-flow-service\\log\\execution"}
{"level":"info","time":"2025-08-21T00:27:48.595+0800","msg":"权限模块日志目录创建成功","path":"C:\\goproject\\file-flow-service\\log\\permission"}
{"level":"info","time":"2025-08-21T00:27:48.595+0800","msg":"Web模块日志目录创建成功","path":"C:\\goproject\\file-flow-service\\log\\web"}
{"level":"info","time":"2025-08-21T00:27:48.596+0800","msg":"热重启管理器启动"}
{"level":"info","time":"2025-08-22T11:01:25.853+0800","msg":"服务模块日志目录创建成功","path":"C:\\goproject\\file-flow-service\\log\\service"}
{"level":"info","time":"2025-08-22T11:01:25.871+0800","msg":"流程模块日志目录创建成功","path":"C:\\goproject\\file-flow-service\\log\\flow"}
{"level":"info","time":"2025-08-22T11:01:25.871+0800","msg":"执行器模块日志目录创建成功","path":"C:\\goproject\\file-flow-service\\log\\executor"}
{"level":"info","time":"2025-08-22T11:01:25.873+0800","msg":"文件模块日志目录创建成功","path":"C:\\goproject\\file-flow-service\\log\\file"}
{"level":"info","time":"2025-08-22T11:01:25.875+0800","msg":"环境管理模块日志目录创建成功","path":"C:\\goproject\\file-flow-service\\log\\environment"}
{"level":"info","time":"2025-08-22T11:01:25.876+0800","msg":"执行模块日志目录创建成功","path":"C:\\goproject\\file-flow-service\\log\\execution"}
{"level":"info","time":"2025-08-22T11:01:25.877+0800","msg":"权限模块日志目录创建成功","path":"C:\\goproject\\file-flow-service\\log\\permission"}
{"level":"info","time":"2025-08-22T11:01:25.900+0800","msg":"Web模块日志目录创建成功","path":"C:\\goproject\\file-flow-service\\log\\web"}
{"level":"info","time":"2025-08-22T11:01:25.901+0800","msg":"热重启管理器启动"}
{"level":"info","time":"2025-08-22T11:06:07.934+0800","msg":"服务模块日志目录创建成功","path":"C:\\goproject\\file-flow-service\\log\\service"}
{"level":"info","time":"2025-08-22T11:06:07.950+0800","msg":"流程模块日志目录创建成功","path":"C:\\goproject\\file-flow-service\\log\\flow"}
{"level":"info","time":"2025-08-22T11:06:07.950+0800","msg":"执行器模块日志目录创建成功","path":"C:\\goproject\\file-flow-service\\log\\executor"}
{"level":"info","time":"2025-08-22T11:06:07.951+0800","msg":"文件模块日志目录创建成功","path":"C:\\goproject\\file-flow-service\\log\\file"}
{"level":"info","time":"2025-08-22T11:06:07.952+0800","msg":"环境管理模块日志目录创建成功","path":"C:\\goproject\\file-flow-service\\log\\environment"}
{"level":"info","time":"2025-08-22T11:06:07.953+0800","msg":"执行模块日志目录创建成功","path":"C:\\goproject\\file-flow-service\\log\\execution"}
{"level":"info","time":"2025-08-22T11:06:07.953+0800","msg":"权限模块日志目录创建成功","path":"C:\\goproject\\file-flow-service\\log\\permission"}
{"level":"info","time":"2025-08-22T11:06:07.954+0800","msg":"Web模块日志目录创建成功","path":"C:\\goproject\\file-flow-service\\log\\web"}
{"level":"info","time":"2025-08-22T11:06:07.955+0800","msg":"热重启管理器启动"}
{"level":"info","time":"2025-08-22T16:58:18.386+0800","msg":"服务模块日志目录创建成功","path":"C:\\goproject\\file-flow-service\\log\\service"}
{"level":"info","time":"2025-08-22T16:58:18.401+0800","msg":"流程模块日志目录创建成功","path":"C:\\goproject\\file-flow-service\\log\\flow"}
{"level":"info","time":"2025-08-22T16:58:18.402+0800","msg":"执行器模块日志目录创建成功","path":"C:\\goproject\\file-flow-service\\log\\executor"}
{"level":"info","time":"2025-08-22T16:58:18.403+0800","msg":"文件模块日志目录创建成功","path":"C:\\goproject\\file-flow-service\\log\\file"}
{"level":"info","time":"2025-08-22T16:58:18.403+0800","msg":"环境管理模块日志目录创建成功","path":"C:\\goproject\\file-flow-service\\log\\environment"}
{"level":"info","time":"2025-08-22T16:58:18.404+0800","msg":"执行模块日志目录创建成功","path":"C:\\goproject\\file-flow-service\\log\\execution"}
{"level":"info","time":"2025-08-22T16:58:18.404+0800","msg":"权限模块日志目录创建成功","path":"C:\\goproject\\file-flow-service\\log\\permission"}
{"level":"info","time":"2025-08-22T16:58:18.405+0800","msg":"Web模块日志目录创建成功","path":"C:\\goproject\\file-flow-service\\log\\web"}
{"level":"info","time":"2025-08-22T16:58:18.407+0800","msg":"热重启管理器启动"}
